# JRE version: OpenJDK Runtime Environment Temurin-17.0.5+8 (17.0.5+8) (build 17.0.5+8)
# Java VM: OpenJDK 64-Bit Server VM Temurin-17.0.5+8 (17.0.5+8, mixed mode, emulated-client, tiered, compressed oops, compressed class ptrs, g1 gc, windows-amd64)
GC Precious Log:
 CPUs: 12 total, 12 available
 Memory: 7541M
 Large Page Support: Disabled
 NUMA Support: Disabled
 Compressed Oops: Enabled (32-bit)
 Heap Region Size: 1M
 Heap Min Capacity: 8M
 Heap Initial Capacity: 118M
 Heap Max Capacity: 1886M
 Pre-touch: Disabled
 Parallel Workers: 10
 Concurrent Workers: 3
 Concurrent Refinement Workers: 10
 Periodic GC: Disabled
Heap:
 garbage-first heap   total 317440K, used 108806K [0x000000008a200000, 0x0000000100000000)
  region size 1024K, 15 young (15360K), 15 survivors (15360K)
 Metaspace       used 40555K, committed 40896K, reserved 1089536K
  class space    used 5206K, committed 5376K, reserved 1048576K
GC Heap History (20 events):
Event: 3.765 GC heap after
{Heap after GC invocations=16 (full 0):
 garbage-first heap   total 80896K, used 46935K [0x000000008a200000, 0x0000000100000000)
  region size 1024K, 3 young (3072K), 3 survivors (3072K)
 Metaspace       used 36420K, committed 36800K, reserved 1081344K
  class space    used 4790K, committed 4928K, reserved 1048576K
}
Event: 3.908 GC heap before
{Heap before GC invocations=17 (full 0):
 garbage-first heap   total 91136K, used 62295K [0x000000008a200000, 0x0000000100000000)
  region size 1024K, 19 young (19456K), 3 survivors (3072K)
 Metaspace       used 37603K, committed 38016K, reserved 1089536K
  class space    used 4939K, committed 5120K, reserved 1048576K
}
Event: 3.913 GC heap after
{Heap after GC invocations=18 (full 0):
 garbage-first heap   total 158720K, used 50265K [0x000000008a200000, 0x0000000100000000)
  region size 1024K, 3 young (3072K), 3 survivors (3072K)
 Metaspace       used 37603K, committed 38016K, reserved 1089536K
  class space    used 4939K, committed 5120K, reserved 1048576K
}
Event: 3.954 GC heap before
{Heap before GC invocations=18 (full 0):
 garbage-first heap   total 158720K, used 53337K [0x000000008a200000, 0x0000000100000000)
  region size 1024K, 7 young (7168K), 3 survivors (3072K)
 Metaspace       used 37997K, committed 38400K, reserved 1089536K
  class space    used 4971K, committed 5120K, reserved 1048576K
}
Event: 3.957 GC heap after
{Heap after GC invocations=19 (full 0):
 garbage-first heap   total 158720K, used 50598K [0x000000008a200000, 0x0000000100000000)
  region size 1024K, 1 young (1024K), 1 survivors (1024K)
 Metaspace       used 37997K, committed 38400K, reserved 1089536K
  class space    used 4971K, committed 5120K, reserved 1048576K
}
Event: 4.072 GC heap before
{Heap before GC invocations=19 (full 0):
 garbage-first heap   total 158720K, used 111014K [0x000000008a200000, 0x0000000100000000)
  region size 1024K, 59 young (60416K), 1 survivors (1024K)
 Metaspace       used 39570K, committed 39936K, reserved 1089536K
  class space    used 5086K, committed 5248K, reserved 1048576K
}
Event: 4.093 GC heap after
{Heap after GC invocations=20 (full 0):
 garbage-first heap   total 158720K, used 67910K [0x000000008a200000, 0x0000000100000000)
  region size 1024K, 8 young (8192K), 8 survivors (8192K)
 Metaspace       used 39570K, committed 39936K, reserved 1089536K
  class space    used 5086K, committed 5248K, reserved 1048576K
}
Event: 4.104 GC heap before
{Heap before GC invocations=20 (full 0):
 garbage-first heap   total 158720K, used 104774K [0x000000008a200000, 0x0000000100000000)
  region size 1024K, 45 young (46080K), 8 survivors (8192K)
 Metaspace       used 39614K, committed 40000K, reserved 1089536K
  class space    used 5086K, committed 5248K, reserved 1048576K
}
Event: 4.108 GC heap after
{Heap after GC invocations=21 (full 0):
 garbage-first heap   total 158720K, used 70743K [0x000000008a200000, 0x0000000100000000)
  region size 1024K, 3 young (3072K), 3 survivors (3072K)
 Metaspace       used 39614K, committed 40000K, reserved 1089536K
  class space    used 5086K, committed 5248K, reserved 1048576K
}
Event: 4.131 GC heap before
{Heap before GC invocations=21 (full 0):
 garbage-first heap   total 158720K, used 109655K [0x000000008a200000, 0x0000000100000000)
  region size 1024K, 42 young (43008K), 3 survivors (3072K)
 Metaspace       used 39642K, committed 40000K, reserved 1089536K
  class space    used 5095K, committed 5248K, reserved 1048576K
}
Event: 4.134 GC heap after
{Heap after GC invocations=22 (full 0):
 garbage-first heap   total 317440K, used 71961K [0x000000008a200000, 0x0000000100000000)
  region size 1024K, 4 young (4096K), 4 survivors (4096K)
 Metaspace       used 39642K, committed 40000K, reserved 1089536K
  class space    used 5095K, committed 5248K, reserved 1048576K
}
Event: 4.342 GC heap before
{Heap before GC invocations=22 (full 0):
 garbage-first heap   total 317440K, used 229657K [0x000000008a200000, 0x0000000100000000)
  region size 1024K, 159 young (162816K), 4 survivors (4096K)
 Metaspace       used 39928K, committed 40320K, reserved 1089536K
  class space    used 5123K, committed 5312K, reserved 1048576K
}
Event: 4.347 GC heap after
{Heap after GC invocations=23 (full 0):
 garbage-first heap   total 317440K, used 79583K [0x000000008a200000, 0x0000000100000000)
  region size 1024K, 11 young (11264K), 11 survivors (11264K)
 Metaspace       used 39928K, committed 40320K, reserved 1089536K
  class space    used 5123K, committed 5312K, reserved 1048576K
}
Event: 4.407 GC heap before
{Heap before GC invocations=23 (full 0):
 garbage-first heap   total 317440K, used 236255K [0x000000008a200000, 0x0000000100000000)
  region size 1024K, 165 young (168960K), 11 survivors (11264K)
 Metaspace       used 40278K, committed 40768K, reserved 1089536K
  class space    used 5160K, committed 5376K, reserved 1048576K
}
Event: 4.414 GC heap after
{Heap after GC invocations=24 (full 0):
 garbage-first heap   total 317440K, used 86076K [0x000000008a200000, 0x0000000100000000)
  region size 1024K, 16 young (16384K), 16 survivors (16384K)
 Metaspace       used 40278K, committed 40768K, reserved 1089536K
  class space    used 5160K, committed 5376K, reserved 1048576K
}
Event: 4.483 GC heap before
{Heap before GC invocations=24 (full 0):
 garbage-first heap   total 317440K, used 243772K [0x000000008a200000, 0x0000000100000000)
  region size 1024K, 171 young (175104K), 16 survivors (16384K)
 Metaspace       used 40401K, committed 40832K, reserved 1089536K
  class space    used 5175K, committed 5376K, reserved 1048576K
}
Event: 4.492 GC heap after
{Heap after GC invocations=25 (full 0):
 garbage-first heap   total 317440K, used 92933K [0x000000008a200000, 0x0000000100000000)
  region size 1024K, 14 young (14336K), 14 survivors (14336K)
 Metaspace       used 40401K, committed 40832K, reserved 1089536K
  class space    used 5175K, committed 5376K, reserved 1048576K
}
Event: 4.553 GC heap before
{Heap before GC invocations=25 (full 0):
 garbage-first heap   total 317440K, used 250629K [0x000000008a200000, 0x0000000100000000)
  region size 1024K, 169 young (173056K), 14 survivors (14336K)
 Metaspace       used 40538K, committed 40896K, reserved 1089536K
  class space    used 5201K, committed 5376K, reserved 1048576K
}
Event: 4.561 GC heap after
{Heap after GC invocations=26 (full 0):
 garbage-first heap   total 317440K, used 100222K [0x000000008a200000, 0x0000000100000000)
  region size 1024K, 15 young (15360K), 15 survivors (15360K)
 Metaspace       used 40538K, committed 40896K, reserved 1089536K
  class space    used 5201K, committed 5376K, reserved 1048576K
}
Event: 4.615 GC heap before
{Heap before GC invocations=26 (full 0):
 garbage-first heap   total 317440K, used 256894K [0x000000008a200000, 0x0000000100000000)
  region size 1024K, 168 young (172032K), 15 survivors (15360K)
 Metaspace       used 40555K, committed 40896K, reserved 1089536K
  class space    used 5206K, committed 5376K, reserved 1048576K
}

