# JRE version: OpenJDK Runtime Environment Temurin-17.0.5+8 (17.0.5+8) (build 17.0.5+8)
# Java VM: OpenJDK 64-Bit Server VM Temurin-17.0.5+8 (17.0.5+8, mixed mode, emulated-client, tiered, compressed oops, compressed class ptrs, g1 gc, windows-amd64)
GC Precious Log:
 CPUs: 12 total, 12 available
 Memory: 7541M
 Large Page Support: Disabled
 NUMA Support: Disabled
 Compressed Oops: Enabled (32-bit)
 Heap Region Size: 1M
 Heap Min Capacity: 8M
 Heap Initial Capacity: 118M
 Heap Max Capacity: 1886M
 Pre-touch: Disabled
 Parallel Workers: 10
 Concurrent Workers: 3
 Concurrent Refinement Workers: 10
 Periodic GC: Disabled
Heap:
 garbage-first heap   total 339968K, used 106377K [0x000000008a200000, 0x0000000100000000)
  region size 1024K, 15 young (15360K), 15 survivors (15360K)
 Metaspace       used 41847K, committed 42304K, reserved 1089536K
  class space    used 5357K, committed 5568K, reserved 1048576K
GC Heap History (20 events):
Event: 9.304 GC heap after
{Heap after GC invocations=20 (full 0):
 garbage-first heap   total 133120K, used 69126K [0x000000008a200000, 0x0000000100000000)
  region size 1024K, 6 young (6144K), 6 survivors (6144K)
 Metaspace       used 40396K, committed 40832K, reserved 1089536K
  class space    used 5180K, committed 5376K, reserved 1048576K
}
Event: 9.326 GC heap before
{Heap before GC invocations=20 (full 0):
 garbage-first heap   total 133120K, used 96774K [0x000000008a200000, 0x0000000100000000)
  region size 1024K, 34 young (34816K), 6 survivors (6144K)
 Metaspace       used 40447K, committed 40832K, reserved 1089536K
  class space    used 5194K, committed 5376K, reserved 1048576K
}
Event: 9.330 GC heap after
{Heap after GC invocations=21 (full 0):
 garbage-first heap   total 133120K, used 71947K [0x000000008a200000, 0x0000000100000000)
  region size 1024K, 2 young (2048K), 2 survivors (2048K)
 Metaspace       used 40447K, committed 40832K, reserved 1089536K
  class space    used 5194K, committed 5376K, reserved 1048576K
}
Event: 9.341 GC heap before
{Heap before GC invocations=21 (full 0):
 garbage-first heap   total 133120K, used 100619K [0x000000008a200000, 0x0000000100000000)
  region size 1024K, 31 young (31744K), 2 survivors (2048K)
 Metaspace       used 40490K, committed 40896K, reserved 1089536K
  class space    used 5198K, committed 5376K, reserved 1048576K
}
Event: 9.343 GC heap after
{Heap after GC invocations=22 (full 0):
 garbage-first heap   total 266240K, used 72696K [0x000000008a200000, 0x0000000100000000)
  region size 1024K, 3 young (3072K), 3 survivors (3072K)
 Metaspace       used 40490K, committed 40896K, reserved 1089536K
  class space    used 5198K, committed 5376K, reserved 1048576K
}
Event: 9.401 GC heap before
{Heap before GC invocations=23 (full 0):
 garbage-first heap   total 266240K, used 172024K [0x000000008a200000, 0x0000000100000000)
  region size 1024K, 102 young (104448K), 3 survivors (3072K)
 Metaspace       used 40550K, committed 40960K, reserved 1089536K
  class space    used 5207K, committed 5376K, reserved 1048576K
}
Event: 9.405 GC heap after
{Heap after GC invocations=24 (full 0):
 garbage-first heap   total 266240K, used 75720K [0x000000008a200000, 0x0000000100000000)
  region size 1024K, 7 young (7168K), 7 survivors (7168K)
 Metaspace       used 40550K, committed 40960K, reserved 1089536K
  class space    used 5207K, committed 5376K, reserved 1048576K
}
Event: 9.407 GC heap before
{Heap before GC invocations=24 (full 0):
 garbage-first heap   total 266240K, used 80840K [0x000000008a200000, 0x0000000100000000)
  region size 1024K, 13 young (13312K), 7 survivors (7168K)
 Metaspace       used 40550K, committed 40960K, reserved 1089536K
  class space    used 5207K, committed 5376K, reserved 1048576K
}
Event: 9.411 GC heap after
{Heap after GC invocations=25 (full 0):
 garbage-first heap   total 266240K, used 75642K [0x000000008a200000, 0x0000000100000000)
  region size 1024K, 1 young (1024K), 1 survivors (1024K)
 Metaspace       used 40550K, committed 40960K, reserved 1089536K
  class space    used 5207K, committed 5376K, reserved 1048576K
}
Event: 9.424 GC heap before
{Heap before GC invocations=25 (full 0):
 garbage-first heap   total 266240K, used 127866K [0x000000008a200000, 0x0000000100000000)
  region size 1024K, 54 young (55296K), 1 survivors (1024K)
 Metaspace       used 40550K, committed 40960K, reserved 1089536K
  class space    used 5207K, committed 5376K, reserved 1048576K
}
Event: 9.426 GC heap after
{Heap after GC invocations=26 (full 0):
 garbage-first heap   total 266240K, used 77332K [0x000000008a200000, 0x0000000100000000)
  region size 1024K, 3 young (3072K), 3 survivors (3072K)
 Metaspace       used 40550K, committed 40960K, reserved 1089536K
  class space    used 5207K, committed 5376K, reserved 1048576K
}
Event: 9.860 GC heap before
{Heap before GC invocations=26 (full 0):
 garbage-first heap   total 339968K, used 203284K [0x000000008a200000, 0x0000000100000000)
  region size 1024K, 126 young (129024K), 3 survivors (3072K)
 Metaspace       used 40550K, committed 40960K, reserved 1089536K
  class space    used 5207K, committed 5376K, reserved 1048576K
}
Event: 9.864 GC heap after
{Heap after GC invocations=27 (full 0):
 garbage-first heap   total 339968K, used 84217K [0x000000008a200000, 0x0000000100000000)
  region size 1024K, 9 young (9216K), 9 survivors (9216K)
 Metaspace       used 40550K, committed 40960K, reserved 1089536K
  class space    used 5207K, committed 5376K, reserved 1048576K
}
Event: 14.760 GC heap before
{Heap before GC invocations=28 (full 0):
 garbage-first heap   total 339968K, used 264441K [0x000000008a200000, 0x0000000100000000)
  region size 1024K, 186 young (190464K), 9 survivors (9216K)
 Metaspace       used 40550K, committed 40960K, reserved 1089536K
  class space    used 5207K, committed 5376K, reserved 1048576K
}
Event: 14.767 GC heap after
{Heap after GC invocations=29 (full 0):
 garbage-first heap   total 339968K, used 93164K [0x000000008a200000, 0x0000000100000000)
  region size 1024K, 18 young (18432K), 18 survivors (18432K)
 Metaspace       used 40550K, committed 40960K, reserved 1089536K
  class space    used 5207K, committed 5376K, reserved 1048576K
}
Event: 14.769 GC heap before
{Heap before GC invocations=29 (full 0):
 garbage-first heap   total 339968K, used 95212K [0x000000008a200000, 0x0000000100000000)
  region size 1024K, 21 young (21504K), 18 survivors (18432K)
 Metaspace       used 40550K, committed 40960K, reserved 1089536K
  class space    used 5207K, committed 5376K, reserved 1048576K
}
Event: 14.777 GC heap after
{Heap after GC invocations=30 (full 0):
 garbage-first heap   total 339968K, used 93070K [0x000000008a200000, 0x0000000100000000)
  region size 1024K, 2 young (2048K), 2 survivors (2048K)
 Metaspace       used 40550K, committed 40960K, reserved 1089536K
  class space    used 5207K, committed 5376K, reserved 1048576K
}
Event: 14.926 GC heap before
{Heap before GC invocations=30 (full 0):
 garbage-first heap   total 339968K, used 265102K [0x000000008a200000, 0x0000000100000000)
  region size 1024K, 171 young (175104K), 2 survivors (2048K)
 Metaspace       used 40706K, committed 41152K, reserved 1089536K
  class space    used 5243K, committed 5440K, reserved 1048576K
}
Event: 14.930 GC heap after
{Heap after GC invocations=31 (full 0):
 garbage-first heap   total 339968K, used 99346K [0x000000008a200000, 0x0000000100000000)
  region size 1024K, 9 young (9216K), 9 survivors (9216K)
 Metaspace       used 40706K, committed 41152K, reserved 1089536K
  class space    used 5243K, committed 5440K, reserved 1048576K
}
Event: 16.445 GC heap before
{Heap before GC invocations=31 (full 0):
 garbage-first heap   total 339968K, used 269330K [0x000000008a200000, 0x0000000100000000)
  region size 1024K, 176 young (180224K), 9 survivors (9216K)
 Metaspace       used 41847K, committed 42304K, reserved 1089536K
  class space    used 5357K, committed 5568K, reserved 1048576K
}

