# JRE version: OpenJDK Runtime Environment Temurin-17.0.5+8 (17.0.5+8) (build 17.0.5+8)
# Java VM: OpenJDK 64-Bit Server VM Temurin-17.0.5+8 (17.0.5+8, mixed mode, emulated-client, tiered, compressed oops, compressed class ptrs, g1 gc, windows-amd64)
GC Precious Log:
 CPUs: 12 total, 12 available
 Memory: 7541M
 Large Page Support: Disabled
 NUMA Support: Disabled
 Compressed Oops: Enabled (32-bit)
 Heap Region Size: 1M
 Heap Min Capacity: 8M
 Heap Initial Capacity: 118M
 Heap Max Capacity: 1886M
 Pre-touch: Disabled
 Parallel Workers: 10
 Concurrent Workers: 3
 Concurrent Refinement Workers: 10
 Periodic GC: Disabled
Heap:
 garbage-first heap   total 274432K, used 90531K [0x000000008a200000, 0x0000000100000000)
  region size 1024K, 9 young (9216K), 9 survivors (9216K)
 Metaspace       used 41783K, committed 42240K, reserved 1089536K
  class space    used 5283K, committed 5504K, reserved 1048576K
GC Heap History (20 events):
Event: 3.715 GC heap after
{Heap after GC invocations=13 (full 0):
 garbage-first heap   total 58368K, used 30689K [0x000000008a200000, 0x0000000100000000)
  region size 1024K, 3 young (3072K), 3 survivors (3072K)
 Metaspace       used 37199K, committed 37568K, reserved 1089536K
  class space    used 4856K, committed 4992K, reserved 1048576K
}
Event: 3.754 GC heap before
{Heap before GC invocations=13 (full 0):
 garbage-first heap   total 58368K, used 44001K [0x000000008a200000, 0x0000000100000000)
  region size 1024K, 16 young (16384K), 3 survivors (3072K)
 Metaspace       used 37443K, committed 37824K, reserved 1089536K
  class space    used 4878K, committed 5056K, reserved 1048576K
}
Event: 3.756 GC heap after
{Heap after GC invocations=14 (full 0):
 garbage-first heap   total 84992K, used 32839K [0x000000008a200000, 0x0000000100000000)
  region size 1024K, 2 young (2048K), 2 survivors (2048K)
 Metaspace       used 37443K, committed 37824K, reserved 1089536K
  class space    used 4878K, committed 5056K, reserved 1048576K
}
Event: 3.823 GC heap before
{Heap before GC invocations=15 (full 0):
 garbage-first heap   total 84992K, used 61511K [0x000000008a200000, 0x0000000100000000)
  region size 1024K, 30 young (30720K), 2 survivors (2048K)
 Metaspace       used 37990K, committed 38400K, reserved 1089536K
  class space    used 4932K, committed 5120K, reserved 1048576K
}
Event: 3.827 GC heap after
{Heap after GC invocations=16 (full 0):
 garbage-first heap   total 84992K, used 38074K [0x000000008a200000, 0x0000000100000000)
  region size 1024K, 4 young (4096K), 4 survivors (4096K)
 Metaspace       used 37990K, committed 38400K, reserved 1089536K
  class space    used 4932K, committed 5120K, reserved 1048576K
}
Event: 3.828 GC heap before
{Heap before GC invocations=16 (full 0):
 garbage-first heap   total 84992K, used 39098K [0x000000008a200000, 0x0000000100000000)
  region size 1024K, 5 young (5120K), 4 survivors (4096K)
 Metaspace       used 38023K, committed 38400K, reserved 1089536K
  class space    used 4933K, committed 5120K, reserved 1048576K
}
Event: 3.831 GC heap after
{Heap after GC invocations=17 (full 0):
 garbage-first heap   total 84992K, used 38957K [0x000000008a200000, 0x0000000100000000)
  region size 1024K, 1 young (1024K), 1 survivors (1024K)
 Metaspace       used 38023K, committed 38400K, reserved 1089536K
  class space    used 4933K, committed 5120K, reserved 1048576K
}
Event: 3.858 GC heap before
{Heap before GC invocations=17 (full 0):
 garbage-first heap   total 84992K, used 62509K [0x000000008a200000, 0x0000000100000000)
  region size 1024K, 24 young (24576K), 1 survivors (1024K)
 Metaspace       used 38359K, committed 38720K, reserved 1089536K
  class space    used 4944K, committed 5120K, reserved 1048576K
}
Event: 3.862 GC heap after
{Heap after GC invocations=18 (full 0):
 garbage-first heap   total 84992K, used 45243K [0x000000008a200000, 0x0000000100000000)
  region size 1024K, 3 young (3072K), 3 survivors (3072K)
 Metaspace       used 38359K, committed 38720K, reserved 1089536K
  class space    used 4944K, committed 5120K, reserved 1048576K
}
Event: 3.904 GC heap before
{Heap before GC invocations=19 (full 0):
 garbage-first heap   total 96256K, used 62651K [0x000000008a200000, 0x0000000100000000)
  region size 1024K, 21 young (21504K), 3 survivors (3072K)
 Metaspace       used 38689K, committed 39040K, reserved 1089536K
  class space    used 4965K, committed 5120K, reserved 1048576K
}
Event: 3.909 GC heap after
{Heap after GC invocations=20 (full 0):
 garbage-first heap   total 96256K, used 49757K [0x000000008a200000, 0x0000000100000000)
  region size 1024K, 3 young (3072K), 3 survivors (3072K)
 Metaspace       used 38689K, committed 39040K, reserved 1089536K
  class space    used 4965K, committed 5120K, reserved 1048576K
}
Event: 3.918 GC heap before
{Heap before GC invocations=20 (full 0):
 garbage-first heap   total 96256K, used 50781K [0x000000008a200000, 0x0000000100000000)
  region size 1024K, 4 young (4096K), 3 survivors (3072K)
 Metaspace       used 38807K, committed 39168K, reserved 1089536K
  class space    used 4970K, committed 5120K, reserved 1048576K
}
Event: 3.921 GC heap after
{Heap after GC invocations=21 (full 0):
 garbage-first heap   total 274432K, used 50374K [0x000000008a200000, 0x0000000100000000)
  region size 1024K, 1 young (1024K), 1 survivors (1024K)
 Metaspace       used 38807K, committed 39168K, reserved 1089536K
  class space    used 4970K, committed 5120K, reserved 1048576K
}
Event: 4.197 GC heap before
{Heap before GC invocations=21 (full 0):
 garbage-first heap   total 274432K, used 179398K [0x000000008a200000, 0x0000000100000000)
  region size 1024K, 125 young (128000K), 1 survivors (1024K)
 Metaspace       used 41163K, committed 41600K, reserved 1089536K
  class space    used 5241K, committed 5440K, reserved 1048576K
}
Event: 4.222 GC heap after
{Heap after GC invocations=22 (full 0):
 garbage-first heap   total 274432K, used 76940K [0x000000008a200000, 0x0000000100000000)
  region size 1024K, 16 young (16384K), 16 survivors (16384K)
 Metaspace       used 41163K, committed 41600K, reserved 1089536K
  class space    used 5241K, committed 5440K, reserved 1048576K
}
Event: 4.258 GC heap before
{Heap before GC invocations=22 (full 0):
 garbage-first heap   total 274432K, used 171148K [0x000000008a200000, 0x0000000100000000)
  region size 1024K, 109 young (111616K), 16 survivors (16384K)
 Metaspace       used 41484K, committed 41920K, reserved 1089536K
  class space    used 5246K, committed 5440K, reserved 1048576K
}
Event: 4.265 GC heap after
{Heap after GC invocations=23 (full 0):
 garbage-first heap   total 274432K, used 82191K [0x000000008a200000, 0x0000000100000000)
  region size 1024K, 5 young (5120K), 5 survivors (5120K)
 Metaspace       used 41484K, committed 41920K, reserved 1089536K
  class space    used 5246K, committed 5440K, reserved 1048576K
}
Event: 4.287 GC heap before
{Heap before GC invocations=23 (full 0):
 garbage-first heap   total 274432K, used 180495K [0x000000008a200000, 0x0000000100000000)
  region size 1024K, 102 young (104448K), 5 survivors (5120K)
 Metaspace       used 41516K, committed 41920K, reserved 1089536K
  class space    used 5258K, committed 5440K, reserved 1048576K
}
Event: 4.292 GC heap after
{Heap after GC invocations=24 (full 0):
 garbage-first heap   total 274432K, used 85730K [0x000000008a200000, 0x0000000100000000)
  region size 1024K, 9 young (9216K), 9 survivors (9216K)
 Metaspace       used 41516K, committed 41920K, reserved 1089536K
  class space    used 5258K, committed 5440K, reserved 1048576K
}
Event: 4.326 GC heap before
{Heap before GC invocations=24 (full 0):
 garbage-first heap   total 274432K, used 196322K [0x000000008a200000, 0x0000000100000000)
  region size 1024K, 118 young (120832K), 9 survivors (9216K)
 Metaspace       used 41783K, committed 42240K, reserved 1089536K
  class space    used 5283K, committed 5504K, reserved 1048576K
}

